I, [2017-08-21T18:56:28.217577 #7401]  INFO -- Kitchen: -----> Starting Kitchen (v1.17.0)
I, [2017-08-21T18:56:29.395936 #7401]  INFO -- Kitchen: -----> Converging <default-sbeliakou-centos-73-x86-64-minimal>...
E, [2017-08-21T18:56:32.265266 #7401] ERROR -- Kitchen: ------Exception-------
E, [2017-08-21T18:56:32.265321 #7401] ERROR -- Kitchen: Class: Kitchen::ActionFailed
E, [2017-08-21T18:56:32.265351 #7401] ERROR -- Kitchen: Message: 1 actions failed.
>>>>>>     Converge failed on instance <default-sbeliakou-centos-73-x86-64-minimal>.  Please see .kitchen/logs/default-sbeliakou-centos-73-x86-64-minimal.log for more details
E, [2017-08-21T18:56:32.265370 #7401] ERROR -- Kitchen: ----------------------
E, [2017-08-21T18:56:32.265396 #7401] ERROR -- Kitchen: ------Backtrace-------
E, [2017-08-21T18:56:32.265414 #7401] ERROR -- Kitchen: /opt/chefdk/embedded/lib/ruby/gems/2.4.0/gems/test-kitchen-1.17.0/lib/kitchen/command.rb:183:in `report_errors'
E, [2017-08-21T18:56:32.265433 #7401] ERROR -- Kitchen: /opt/chefdk/embedded/lib/ruby/gems/2.4.0/gems/test-kitchen-1.17.0/lib/kitchen/command.rb:174:in `run_action'
E, [2017-08-21T18:56:32.265452 #7401] ERROR -- Kitchen: /opt/chefdk/embedded/lib/ruby/gems/2.4.0/gems/test-kitchen-1.17.0/lib/kitchen/command/action.rb:36:in `block in call'
E, [2017-08-21T18:56:32.265470 #7401] ERROR -- Kitchen: /opt/chefdk/embedded/lib/ruby/2.4.0/benchmark.rb:293:in `measure'
E, [2017-08-21T18:56:32.265489 #7401] ERROR -- Kitchen: /opt/chefdk/embedded/lib/ruby/gems/2.4.0/gems/test-kitchen-1.17.0/lib/kitchen/command/action.rb:34:in `call'
E, [2017-08-21T18:56:32.265517 #7401] ERROR -- Kitchen: /opt/chefdk/embedded/lib/ruby/gems/2.4.0/gems/test-kitchen-1.17.0/lib/kitchen/cli.rb:53:in `perform'
E, [2017-08-21T18:56:32.265536 #7401] ERROR -- Kitchen: /opt/chefdk/embedded/lib/ruby/gems/2.4.0/gems/test-kitchen-1.17.0/lib/kitchen/cli.rb:187:in `block (2 levels) in <class:CLI>'
E, [2017-08-21T18:56:32.265555 #7401] ERROR -- Kitchen: /opt/chefdk/embedded/lib/ruby/gems/2.4.0/gems/thor-0.19.1/lib/thor/command.rb:27:in `run'
E, [2017-08-21T18:56:32.265581 #7401] ERROR -- Kitchen: /opt/chefdk/embedded/lib/ruby/gems/2.4.0/gems/thor-0.19.1/lib/thor/invocation.rb:126:in `invoke_command'
E, [2017-08-21T18:56:32.265599 #7401] ERROR -- Kitchen: /opt/chefdk/embedded/lib/ruby/gems/2.4.0/gems/test-kitchen-1.17.0/lib/kitchen/cli.rb:334:in `invoke_task'
E, [2017-08-21T18:56:32.265617 #7401] ERROR -- Kitchen: /opt/chefdk/embedded/lib/ruby/gems/2.4.0/gems/thor-0.19.1/lib/thor.rb:359:in `dispatch'
E, [2017-08-21T18:56:32.265651 #7401] ERROR -- Kitchen: /opt/chefdk/embedded/lib/ruby/gems/2.4.0/gems/thor-0.19.1/lib/thor/base.rb:440:in `start'
E, [2017-08-21T18:56:32.265671 #7401] ERROR -- Kitchen: /opt/chefdk/embedded/lib/ruby/gems/2.4.0/gems/test-kitchen-1.17.0/bin/kitchen:13:in `block in <top (required)>'
E, [2017-08-21T18:56:32.265690 #7401] ERROR -- Kitchen: /opt/chefdk/embedded/lib/ruby/gems/2.4.0/gems/test-kitchen-1.17.0/lib/kitchen/errors.rb:171:in `with_friendly_errors'
E, [2017-08-21T18:56:32.265709 #7401] ERROR -- Kitchen: /opt/chefdk/embedded/lib/ruby/gems/2.4.0/gems/test-kitchen-1.17.0/bin/kitchen:13:in `<top (required)>'
E, [2017-08-21T18:56:32.265727 #7401] ERROR -- Kitchen: /opt/chefdk/bin/kitchen:263:in `load'
E, [2017-08-21T18:56:32.265745 #7401] ERROR -- Kitchen: /opt/chefdk/bin/kitchen:263:in `<main>'
E, [2017-08-21T18:56:32.265762 #7401] ERROR -- Kitchen: ----End Backtrace-----
E, [2017-08-21T18:56:32.265780 #7401] ERROR -- Kitchen: -Composite Exception--
E, [2017-08-21T18:56:32.265798 #7401] ERROR -- Kitchen: Class: Kitchen::InstanceFailure
E, [2017-08-21T18:56:32.265822 #7401] ERROR -- Kitchen: Message: Converge failed on instance <default-sbeliakou-centos-73-x86-64-minimal>.  Please see .kitchen/logs/default-sbeliakou-centos-73-x86-64-minimal.log for more details
E, [2017-08-21T18:56:32.265841 #7401] ERROR -- Kitchen: ----------------------
E, [2017-08-21T18:56:32.265858 #7401] ERROR -- Kitchen: ------Backtrace-------
E, [2017-08-21T18:56:32.265876 #7401] ERROR -- Kitchen: /opt/chefdk/embedded/lib/ruby/gems/2.4.0/gems/test-kitchen-1.17.0/lib/kitchen/provisioner/base.rb:83:in `rescue in call'
E, [2017-08-21T18:56:32.265903 #7401] ERROR -- Kitchen: /opt/chefdk/embedded/lib/ruby/gems/2.4.0/gems/test-kitchen-1.17.0/lib/kitchen/provisioner/base.rb:86:in `call'
E, [2017-08-21T18:56:32.265922 #7401] ERROR -- Kitchen: /opt/chefdk/embedded/lib/ruby/gems/2.4.0/gems/test-kitchen-1.17.0/lib/kitchen/instance.rb:384:in `block in converge_action'
E, [2017-08-21T18:56:32.265941 #7401] ERROR -- Kitchen: /opt/chefdk/embedded/lib/ruby/gems/2.4.0/gems/test-kitchen-1.17.0/lib/kitchen/instance.rb:527:in `synchronize_or_call'
E, [2017-08-21T18:56:32.265960 #7401] ERROR -- Kitchen: /opt/chefdk/embedded/lib/ruby/gems/2.4.0/gems/test-kitchen-1.17.0/lib/kitchen/instance.rb:489:in `block in action'
E, [2017-08-21T18:56:32.265978 #7401] ERROR -- Kitchen: /opt/chefdk/embedded/lib/ruby/2.4.0/benchmark.rb:293:in `measure'
E, [2017-08-21T18:56:32.265995 #7401] ERROR -- Kitchen: /opt/chefdk/embedded/lib/ruby/gems/2.4.0/gems/test-kitchen-1.17.0/lib/kitchen/instance.rb:488:in `action'
E, [2017-08-21T18:56:32.266013 #7401] ERROR -- Kitchen: /opt/chefdk/embedded/lib/ruby/gems/2.4.0/gems/test-kitchen-1.17.0/lib/kitchen/instance.rb:380:in `converge_action'
E, [2017-08-21T18:56:32.266031 #7401] ERROR -- Kitchen: /opt/chefdk/embedded/lib/ruby/gems/2.4.0/gems/test-kitchen-1.17.0/lib/kitchen/instance.rb:359:in `block in transition_to'
E, [2017-08-21T18:56:32.266049 #7401] ERROR -- Kitchen: /opt/chefdk/embedded/lib/ruby/gems/2.4.0/gems/test-kitchen-1.17.0/lib/kitchen/instance.rb:358:in `each'
E, [2017-08-21T18:56:32.266067 #7401] ERROR -- Kitchen: /opt/chefdk/embedded/lib/ruby/gems/2.4.0/gems/test-kitchen-1.17.0/lib/kitchen/instance.rb:358:in `transition_to'
E, [2017-08-21T18:56:32.266085 #7401] ERROR -- Kitchen: /opt/chefdk/embedded/lib/ruby/gems/2.4.0/gems/test-kitchen-1.17.0/lib/kitchen/instance.rb:157:in `verify'
E, [2017-08-21T18:56:32.266103 #7401] ERROR -- Kitchen: /opt/chefdk/embedded/lib/ruby/gems/2.4.0/gems/test-kitchen-1.17.0/lib/kitchen/command.rb:197:in `public_send'
E, [2017-08-21T18:56:32.266121 #7401] ERROR -- Kitchen: /opt/chefdk/embedded/lib/ruby/gems/2.4.0/gems/test-kitchen-1.17.0/lib/kitchen/command.rb:197:in `run_action_in_thread'
E, [2017-08-21T18:56:32.266140 #7401] ERROR -- Kitchen: /opt/chefdk/embedded/lib/ruby/gems/2.4.0/gems/test-kitchen-1.17.0/lib/kitchen/command.rb:169:in `block (2 levels) in run_action'
E, [2017-08-21T18:56:32.266158 #7401] ERROR -- Kitchen: ----End Backtrace-----
E, [2017-08-21T18:56:32.266175 #7401] ERROR -- Kitchen: ---Nested Exception---
E, [2017-08-21T18:56:32.266192 #7401] ERROR -- Kitchen: Class: Kitchen::ActionFailed
E, [2017-08-21T18:56:32.266209 #7401] ERROR -- Kitchen: Message: SSH exited (1) for command: [sh -c '
TEST_KITCHEN="1"; export TEST_KITCHEN
sudo -E /opt/chef/bin/chef-client --local-mode --config /tmp/kitchen/client.rb --log_level auto --force-formatter --no-color --json-attributes /tmp/kitchen/dna.json --chef-zero-port 8889 
']
E, [2017-08-21T18:56:32.266227 #7401] ERROR -- Kitchen: ----------------------
E, [2017-08-21T18:56:32.266245 #7401] ERROR -- Kitchen: ------Backtrace-------
E, [2017-08-21T18:56:32.266262 #7401] ERROR -- Kitchen: /opt/chefdk/embedded/lib/ruby/gems/2.4.0/gems/test-kitchen-1.17.0/lib/kitchen/provisioner/base.rb:83:in `rescue in call'
E, [2017-08-21T18:56:32.266280 #7401] ERROR -- Kitchen: /opt/chefdk/embedded/lib/ruby/gems/2.4.0/gems/test-kitchen-1.17.0/lib/kitchen/provisioner/base.rb:86:in `call'
E, [2017-08-21T18:56:32.266298 #7401] ERROR -- Kitchen: /opt/chefdk/embedded/lib/ruby/gems/2.4.0/gems/test-kitchen-1.17.0/lib/kitchen/instance.rb:384:in `block in converge_action'
E, [2017-08-21T18:56:32.266316 #7401] ERROR -- Kitchen: /opt/chefdk/embedded/lib/ruby/gems/2.4.0/gems/test-kitchen-1.17.0/lib/kitchen/instance.rb:527:in `synchronize_or_call'
E, [2017-08-21T18:56:32.266336 #7401] ERROR -- Kitchen: /opt/chefdk/embedded/lib/ruby/gems/2.4.0/gems/test-kitchen-1.17.0/lib/kitchen/instance.rb:489:in `block in action'
E, [2017-08-21T18:56:32.266363 #7401] ERROR -- Kitchen: /opt/chefdk/embedded/lib/ruby/2.4.0/benchmark.rb:293:in `measure'
E, [2017-08-21T18:56:32.266392 #7401] ERROR -- Kitchen: /opt/chefdk/embedded/lib/ruby/gems/2.4.0/gems/test-kitchen-1.17.0/lib/kitchen/instance.rb:488:in `action'
E, [2017-08-21T18:56:32.266412 #7401] ERROR -- Kitchen: /opt/chefdk/embedded/lib/ruby/gems/2.4.0/gems/test-kitchen-1.17.0/lib/kitchen/instance.rb:380:in `converge_action'
E, [2017-08-21T18:56:32.266431 #7401] ERROR -- Kitchen: /opt/chefdk/embedded/lib/ruby/gems/2.4.0/gems/test-kitchen-1.17.0/lib/kitchen/instance.rb:359:in `block in transition_to'
E, [2017-08-21T18:56:32.266450 #7401] ERROR -- Kitchen: /opt/chefdk/embedded/lib/ruby/gems/2.4.0/gems/test-kitchen-1.17.0/lib/kitchen/instance.rb:358:in `each'
E, [2017-08-21T18:56:32.266468 #7401] ERROR -- Kitchen: /opt/chefdk/embedded/lib/ruby/gems/2.4.0/gems/test-kitchen-1.17.0/lib/kitchen/instance.rb:358:in `transition_to'
E, [2017-08-21T18:56:32.266497 #7401] ERROR -- Kitchen: /opt/chefdk/embedded/lib/ruby/gems/2.4.0/gems/test-kitchen-1.17.0/lib/kitchen/instance.rb:157:in `verify'
E, [2017-08-21T18:56:32.266515 #7401] ERROR -- Kitchen: /opt/chefdk/embedded/lib/ruby/gems/2.4.0/gems/test-kitchen-1.17.0/lib/kitchen/command.rb:197:in `public_send'
E, [2017-08-21T18:56:32.266534 #7401] ERROR -- Kitchen: /opt/chefdk/embedded/lib/ruby/gems/2.4.0/gems/test-kitchen-1.17.0/lib/kitchen/command.rb:197:in `run_action_in_thread'
E, [2017-08-21T18:56:32.266555 #7401] ERROR -- Kitchen: /opt/chefdk/embedded/lib/ruby/gems/2.4.0/gems/test-kitchen-1.17.0/lib/kitchen/command.rb:169:in `block (2 levels) in run_action'
E, [2017-08-21T18:56:32.266573 #7401] ERROR -- Kitchen: ----End Backtrace-----
